Started GET "/" for ::1 at 2020-01-06 16:33:33 -0800
  
ActiveRecord::NoDatabaseError (FATAL:  database "metube_development" does not exist
):
  
activerecord (5.2.4.1) lib/active_record/connection_adapters/postgresql_adapter.rb:696:in `rescue in connect'
activerecord (5.2.4.1) lib/active_record/connection_adapters/postgresql_adapter.rb:691:in `connect'
activerecord (5.2.4.1) lib/active_record/connection_adapters/postgresql_adapter.rb:223:in `initialize'
activerecord (5.2.4.1) lib/active_record/connection_adapters/postgresql_adapter.rb:48:in `new'
activerecord (5.2.4.1) lib/active_record/connection_adapters/postgresql_adapter.rb:48:in `postgresql_connection'
activerecord (5.2.4.1) lib/active_record/connection_adapters/abstract/connection_pool.rb:830:in `new_connection'
activerecord (5.2.4.1) lib/active_record/connection_adapters/abstract/connection_pool.rb:874:in `checkout_new_connection'
activerecord (5.2.4.1) lib/active_record/connection_adapters/abstract/connection_pool.rb:853:in `try_to_checkout_new_connection'
activerecord (5.2.4.1) lib/active_record/connection_adapters/abstract/connection_pool.rb:814:in `acquire_connection'
activerecord (5.2.4.1) lib/active_record/connection_adapters/abstract/connection_pool.rb:538:in `checkout'
activerecord (5.2.4.1) lib/active_record/connection_adapters/abstract/connection_pool.rb:382:in `connection'
activerecord (5.2.4.1) lib/active_record/connection_adapters/abstract/connection_pool.rb:1033:in `retrieve_connection'
activerecord (5.2.4.1) lib/active_record/connection_handling.rb:118:in `retrieve_connection'
activerecord (5.2.4.1) lib/active_record/connection_handling.rb:90:in `connection'
activerecord (5.2.4.1) lib/active_record/migration.rb:554:in `call'
actionpack (5.2.4.1) lib/action_dispatch/middleware/callbacks.rb:28:in `block in call'
activesupport (5.2.4.1) lib/active_support/callbacks.rb:98:in `run_callbacks'
actionpack (5.2.4.1) lib/action_dispatch/middleware/callbacks.rb:26:in `call'
actionpack (5.2.4.1) lib/action_dispatch/middleware/executor.rb:14:in `call'
actionpack (5.2.4.1) lib/action_dispatch/middleware/debug_exceptions.rb:61:in `call'
web-console (3.7.0) lib/web_console/middleware.rb:135:in `call_app'
web-console (3.7.0) lib/web_console/middleware.rb:30:in `block in call'
web-console (3.7.0) lib/web_console/middleware.rb:20:in `catch'
web-console (3.7.0) lib/web_console/middleware.rb:20:in `call'
actionpack (5.2.4.1) lib/action_dispatch/middleware/show_exceptions.rb:33:in `call'
railties (5.2.4.1) lib/rails/rack/logger.rb:38:in `call_app'
railties (5.2.4.1) lib/rails/rack/logger.rb:26:in `block in call'
activesupport (5.2.4.1) lib/active_support/tagged_logging.rb:71:in `block in tagged'
activesupport (5.2.4.1) lib/active_support/tagged_logging.rb:28:in `tagged'
activesupport (5.2.4.1) lib/active_support/tagged_logging.rb:71:in `tagged'
railties (5.2.4.1) lib/rails/rack/logger.rb:26:in `call'
sprockets-rails (3.2.1) lib/sprockets/rails/quiet_assets.rb:13:in `call'
actionpack (5.2.4.1) lib/action_dispatch/middleware/remote_ip.rb:81:in `call'
actionpack (5.2.4.1) lib/action_dispatch/middleware/request_id.rb:27:in `call'
rack (2.0.8) lib/rack/method_override.rb:22:in `call'
rack (2.0.8) lib/rack/runtime.rb:22:in `call'
activesupport (5.2.4.1) lib/active_support/cache/strategy/local_cache_middleware.rb:29:in `call'
actionpack (5.2.4.1) lib/action_dispatch/middleware/executor.rb:14:in `call'
actionpack (5.2.4.1) lib/action_dispatch/middleware/static.rb:127:in `call'
rack (2.0.8) lib/rack/sendfile.rb:111:in `call'
railties (5.2.4.1) lib/rails/engine.rb:524:in `call'
puma (3.12.2) lib/puma/configuration.rb:227:in `call'
puma (3.12.2) lib/puma/server.rb:674:in `handle_request'
puma (3.12.2) lib/puma/server.rb:476:in `process_client'
puma (3.12.2) lib/puma/server.rb:334:in `block in run'
puma (3.12.2) lib/puma/thread_pool.rb:135:in `block in spawn_thread'
  [1m[35m (75.3ms)[0m  [1m[35mCREATE DATABASE "metube_development" ENCODING = 'unicode'[0m
  ↳ bin/rails:9
  [1m[35m (100.6ms)[0m  [1m[35mCREATE DATABASE "metube_test" ENCODING = 'unicode'[0m
  ↳ bin/rails:9
Started GET "/" for ::1 at 2020-01-06 16:40:00 -0800
Processing by StaticPagesController#root as HTML
  Rendering static_pages/root.html.erb within layouts/application
  Rendered static_pages/root.html.erb within layouts/application (0.5ms)
Completed 500 Internal Server Error in 198ms (ActiveRecord: 0.0ms)


  
ActionView::Template::Error (couldn't find file 'jquery' with type 'application/javascript'
Checked in these paths: 
  /Applications/School/APP Academy/full_stack_project/metube/app/assets/config
  /Applications/School/APP Academy/full_stack_project/metube/app/assets/images
  /Applications/School/APP Academy/full_stack_project/metube/app/assets/javascripts
  /Applications/School/APP Academy/full_stack_project/metube/app/assets/stylesheets
  /Users/guanyaowang/.rbenv/versions/2.5.1/lib/ruby/gems/2.5.0/gems/coffee-rails-4.2.2/lib/assets/javascripts
  /Users/guanyaowang/.rbenv/versions/2.5.1/lib/ruby/gems/2.5.0/gems/actioncable-5.2.4.1/lib/assets/compiled
  /Users/guanyaowang/.rbenv/versions/2.5.1/lib/ruby/gems/2.5.0/gems/activestorage-5.2.4.1/app/assets/javascripts
  /Users/guanyaowang/.rbenv/versions/2.5.1/lib/ruby/gems/2.5.0/gems/actionview-5.2.4.1/lib/assets/compiled
  /Applications/School/APP Academy/full_stack_project/metube/node_modules):
     5:     <%= csrf_meta_tags %>
     6:     <%= csp_meta_tag %>
     7: 
     8:     <%= stylesheet_link_tag    'application', media: 'all' %>
     9:     <%= javascript_include_tag 'application' %>
    10:   </head>
    11: 
  
app/assets/javascripts/application.js:16
app/views/layouts/application.html.erb:8:in `_app_views_layouts_application_html_erb__3935095694152057555_70330936990740'
Started GET "/" for ::1 at 2020-01-06 16:42:28 -0800
Processing by StaticPagesController#root as HTML
  Rendering static_pages/root.html.erb within layouts/application
  Rendered static_pages/root.html.erb within layouts/application (0.4ms)
Completed 500 Internal Server Error in 29ms (ActiveRecord: 0.0ms)


  
ActionView::Template::Error (couldn't find file 'jquery' with type 'application/javascript'
Checked in these paths: 
  /Applications/School/APP Academy/full_stack_project/metube/app/assets/config
  /Applications/School/APP Academy/full_stack_project/metube/app/assets/images
  /Applications/School/APP Academy/full_stack_project/metube/app/assets/javascripts
  /Applications/School/APP Academy/full_stack_project/metube/app/assets/stylesheets
  /Users/guanyaowang/.rbenv/versions/2.5.1/lib/ruby/gems/2.5.0/gems/coffee-rails-4.2.2/lib/assets/javascripts
  /Users/guanyaowang/.rbenv/versions/2.5.1/lib/ruby/gems/2.5.0/gems/actioncable-5.2.4.1/lib/assets/compiled
  /Users/guanyaowang/.rbenv/versions/2.5.1/lib/ruby/gems/2.5.0/gems/activestorage-5.2.4.1/app/assets/javascripts
  /Users/guanyaowang/.rbenv/versions/2.5.1/lib/ruby/gems/2.5.0/gems/actionview-5.2.4.1/lib/assets/compiled
  /Applications/School/APP Academy/full_stack_project/metube/node_modules):
     5:     <%= csrf_meta_tags %>
     6:     <%= csp_meta_tag %>
     7: 
     8:     <%= stylesheet_link_tag    'application', media: 'all' %>
     9:     <%= javascript_include_tag 'application' %>
    10:   </head>
    11: 
  
app/assets/javascripts/application.js:15
app/views/layouts/application.html.erb:8:in `_app_views_layouts_application_html_erb__3935095694152057555_70330941676420'
Started GET "/" for ::1 at 2020-01-06 16:43:34 -0800
Processing by StaticPagesController#root as HTML
  Rendering static_pages/root.html.erb within layouts/application
  Rendered static_pages/root.html.erb within layouts/application (0.6ms)
Completed 500 Internal Server Error in 39ms (ActiveRecord: 0.0ms)


  
ActionView::Template::Error (couldn't find file 'jquery' with type 'application/javascript'
Checked in these paths: 
  /Applications/School/APP Academy/full_stack_project/metube/app/assets/config
  /Applications/School/APP Academy/full_stack_project/metube/app/assets/images
  /Applications/School/APP Academy/full_stack_project/metube/app/assets/javascripts
  /Applications/School/APP Academy/full_stack_project/metube/app/assets/stylesheets
  /Users/guanyaowang/.rbenv/versions/2.5.1/lib/ruby/gems/2.5.0/gems/coffee-rails-4.2.2/lib/assets/javascripts
  /Users/guanyaowang/.rbenv/versions/2.5.1/lib/ruby/gems/2.5.0/gems/actioncable-5.2.4.1/lib/assets/compiled
  /Users/guanyaowang/.rbenv/versions/2.5.1/lib/ruby/gems/2.5.0/gems/activestorage-5.2.4.1/app/assets/javascripts
  /Users/guanyaowang/.rbenv/versions/2.5.1/lib/ruby/gems/2.5.0/gems/actionview-5.2.4.1/lib/assets/compiled
  /Applications/School/APP Academy/full_stack_project/metube/node_modules):
     5:     <%= csrf_meta_tags %>
     6:     <%= csp_meta_tag %>
     7: 
     8:     <%= stylesheet_link_tag    'application', media: 'all' %>
     9:     <%= javascript_include_tag 'application' %>
    10:   </head>
    11: 
  
app/assets/javascripts/application.js:15
app/views/layouts/application.html.erb:8:in `_app_views_layouts_application_html_erb__3935095694152057555_70330911052080'
Started GET "/" for ::1 at 2020-01-06 16:44:09 -0800
Processing by StaticPagesController#root as HTML
  Rendering static_pages/root.html.erb within layouts/application
  Rendered static_pages/root.html.erb within layouts/application (0.5ms)
Completed 500 Internal Server Error in 24ms (ActiveRecord: 0.0ms)


  
ActionView::Template::Error (couldn't find file 'jquery-rails' with type 'application/javascript'
Checked in these paths: 
  /Applications/School/APP Academy/full_stack_project/metube/app/assets/config
  /Applications/School/APP Academy/full_stack_project/metube/app/assets/images
  /Applications/School/APP Academy/full_stack_project/metube/app/assets/javascripts
  /Applications/School/APP Academy/full_stack_project/metube/app/assets/stylesheets
  /Users/guanyaowang/.rbenv/versions/2.5.1/lib/ruby/gems/2.5.0/gems/coffee-rails-4.2.2/lib/assets/javascripts
  /Users/guanyaowang/.rbenv/versions/2.5.1/lib/ruby/gems/2.5.0/gems/actioncable-5.2.4.1/lib/assets/compiled
  /Users/guanyaowang/.rbenv/versions/2.5.1/lib/ruby/gems/2.5.0/gems/activestorage-5.2.4.1/app/assets/javascripts
  /Users/guanyaowang/.rbenv/versions/2.5.1/lib/ruby/gems/2.5.0/gems/actionview-5.2.4.1/lib/assets/compiled
  /Applications/School/APP Academy/full_stack_project/metube/node_modules):
     5:     <%= csrf_meta_tags %>
     6:     <%= csp_meta_tag %>
     7: 
     8:     <%= stylesheet_link_tag    'application', media: 'all' %>
     9:     <%= javascript_include_tag 'application' %>
    10:   </head>
    11: 
  
app/assets/javascripts/application.js:15
app/views/layouts/application.html.erb:8:in `_app_views_layouts_application_html_erb__3935095694152057555_70330954301640'
Started GET "/" for ::1 at 2020-01-06 16:44:20 -0800
Processing by StaticPagesController#root as HTML
  Rendering static_pages/root.html.erb within layouts/application
  Rendered static_pages/root.html.erb within layouts/application (0.7ms)
Completed 500 Internal Server Error in 28ms (ActiveRecord: 0.0ms)


  
ActionView::Template::Error (couldn't find file 'jquery-rails' with type 'application/javascript'
Checked in these paths: 
  /Applications/School/APP Academy/full_stack_project/metube/app/assets/config
  /Applications/School/APP Academy/full_stack_project/metube/app/assets/images
  /Applications/School/APP Academy/full_stack_project/metube/app/assets/javascripts
  /Applications/School/APP Academy/full_stack_project/metube/app/assets/stylesheets
  /Users/guanyaowang/.rbenv/versions/2.5.1/lib/ruby/gems/2.5.0/gems/coffee-rails-4.2.2/lib/assets/javascripts
  /Users/guanyaowang/.rbenv/versions/2.5.1/lib/ruby/gems/2.5.0/gems/actioncable-5.2.4.1/lib/assets/compiled
  /Users/guanyaowang/.rbenv/versions/2.5.1/lib/ruby/gems/2.5.0/gems/activestorage-5.2.4.1/app/assets/javascripts
  /Users/guanyaowang/.rbenv/versions/2.5.1/lib/ruby/gems/2.5.0/gems/actionview-5.2.4.1/lib/assets/compiled
  /Applications/School/APP Academy/full_stack_project/metube/node_modules):
     5:     <%= csrf_meta_tags %>
     6:     <%= csp_meta_tag %>
     7: 
     8:     <%= stylesheet_link_tag    'application', media: 'all' %>
     9:     <%= javascript_include_tag 'application' %>
    10:   </head>
    11: 
  
app/assets/javascripts/application.js:15
app/views/layouts/application.html.erb:8:in `_app_views_layouts_application_html_erb__3935095694152057555_70330944067540'
Started GET "/" for ::1 at 2020-01-06 16:45:17 -0800
Processing by StaticPagesController#root as HTML
  Rendering static_pages/root.html.erb within layouts/application
  Rendered static_pages/root.html.erb within layouts/application (0.3ms)
Completed 500 Internal Server Error in 19ms (ActiveRecord: 0.0ms)


  
ActionView::Template::Error (couldn't find file 'jquery' with type 'application/javascript'
Checked in these paths: 
  /Applications/School/APP Academy/full_stack_project/metube/app/assets/config
  /Applications/School/APP Academy/full_stack_project/metube/app/assets/images
  /Applications/School/APP Academy/full_stack_project/metube/app/assets/javascripts
  /Applications/School/APP Academy/full_stack_project/metube/app/assets/stylesheets
  /Users/guanyaowang/.rbenv/versions/2.5.1/lib/ruby/gems/2.5.0/gems/coffee-rails-4.2.2/lib/assets/javascripts
  /Users/guanyaowang/.rbenv/versions/2.5.1/lib/ruby/gems/2.5.0/gems/actioncable-5.2.4.1/lib/assets/compiled
  /Users/guanyaowang/.rbenv/versions/2.5.1/lib/ruby/gems/2.5.0/gems/activestorage-5.2.4.1/app/assets/javascripts
  /Users/guanyaowang/.rbenv/versions/2.5.1/lib/ruby/gems/2.5.0/gems/actionview-5.2.4.1/lib/assets/compiled
  /Applications/School/APP Academy/full_stack_project/metube/node_modules):
     5:     <%= csrf_meta_tags %>
     6:     <%= csp_meta_tag %>
     7: 
     8:     <%= stylesheet_link_tag    'application', media: 'all' %>
     9:     <%= javascript_include_tag 'application' %>
    10:   </head>
    11: 
  
app/assets/javascripts/application.js:15
app/views/layouts/application.html.erb:8:in `_app_views_layouts_application_html_erb__3935095694152057555_70330940153200'
Started GET "/" for ::1 at 2020-01-06 16:45:22 -0800
Processing by StaticPagesController#root as HTML
  Rendering static_pages/root.html.erb within layouts/application
  Rendered static_pages/root.html.erb within layouts/application (0.5ms)
Completed 500 Internal Server Error in 23ms (ActiveRecord: 0.0ms)


  
ActionView::Template::Error (couldn't find file 'jquery' with type 'application/javascript'
Checked in these paths: 
  /Applications/School/APP Academy/full_stack_project/metube/app/assets/config
  /Applications/School/APP Academy/full_stack_project/metube/app/assets/images
  /Applications/School/APP Academy/full_stack_project/metube/app/assets/javascripts
  /Applications/School/APP Academy/full_stack_project/metube/app/assets/stylesheets
  /Users/guanyaowang/.rbenv/versions/2.5.1/lib/ruby/gems/2.5.0/gems/coffee-rails-4.2.2/lib/assets/javascripts
  /Users/guanyaowang/.rbenv/versions/2.5.1/lib/ruby/gems/2.5.0/gems/actioncable-5.2.4.1/lib/assets/compiled
  /Users/guanyaowang/.rbenv/versions/2.5.1/lib/ruby/gems/2.5.0/gems/activestorage-5.2.4.1/app/assets/javascripts
  /Users/guanyaowang/.rbenv/versions/2.5.1/lib/ruby/gems/2.5.0/gems/actionview-5.2.4.1/lib/assets/compiled
  /Applications/School/APP Academy/full_stack_project/metube/node_modules):
     5:     <%= csrf_meta_tags %>
     6:     <%= csp_meta_tag %>
     7: 
     8:     <%= stylesheet_link_tag    'application', media: 'all' %>
     9:     <%= javascript_include_tag 'application' %>
    10:   </head>
    11: 
  
app/assets/javascripts/application.js:15
app/views/layouts/application.html.erb:8:in `_app_views_layouts_application_html_erb__3935095694152057555_70330904781120'
Started GET "/" for ::1 at 2020-01-06 16:46:05 -0800
  
LoadError (cannot load such file -- /Applications/School/APP Academy/full_stack_project/metube/config/routes.rb):
  
bootsnap (1.4.5) lib/bootsnap/load_path_cache/core_ext/kernel_require.rb:54:in `load'
bootsnap (1.4.5) lib/bootsnap/load_path_cache/core_ext/kernel_require.rb:54:in `load'
activesupport (5.2.4.1) lib/active_support/dependencies.rb:285:in `block in load'
activesupport (5.2.4.1) lib/active_support/dependencies.rb:257:in `load_dependency'
activesupport (5.2.4.1) lib/active_support/dependencies.rb:285:in `load'
railties (5.2.4.1) lib/rails/application/routes_reloader.rb:41:in `block in load_paths'
railties (5.2.4.1) lib/rails/application/routes_reloader.rb:41:in `each'
railties (5.2.4.1) lib/rails/application/routes_reloader.rb:41:in `load_paths'
railties (5.2.4.1) lib/rails/application/routes_reloader.rb:20:in `reload!'
railties (5.2.4.1) lib/rails/application/routes_reloader.rb:30:in `block in updater'
activesupport (5.2.4.1) lib/active_support/file_update_checker.rb:83:in `execute'
railties (5.2.4.1) lib/rails/application/routes_reloader.rb:10:in `execute'
railties (5.2.4.1) lib/rails/application/finisher.rb:143:in `block (2 levels) in <module:Finisher>'
activesupport (5.2.4.1) lib/active_support/callbacks.rb:426:in `instance_exec'
activesupport (5.2.4.1) lib/active_support/callbacks.rb:426:in `block in make_lambda'
activesupport (5.2.4.1) lib/active_support/callbacks.rb:198:in `block (2 levels) in halting'
activesupport (5.2.4.1) lib/active_support/callbacks.rb:606:in `block (2 levels) in default_terminator'
activesupport (5.2.4.1) lib/active_support/callbacks.rb:605:in `catch'
activesupport (5.2.4.1) lib/active_support/callbacks.rb:605:in `block in default_terminator'
activesupport (5.2.4.1) lib/active_support/callbacks.rb:199:in `block in halting'
activesupport (5.2.4.1) lib/active_support/callbacks.rb:513:in `block in invoke_before'
activesupport (5.2.4.1) lib/active_support/callbacks.rb:513:in `each'
activesupport (5.2.4.1) lib/active_support/callbacks.rb:513:in `invoke_before'
activesupport (5.2.4.1) lib/active_support/callbacks.rb:131:in `run_callbacks'
activesupport (5.2.4.1) lib/active_support/execution_wrapper.rb:110:in `run!'
activesupport (5.2.4.1) lib/active_support/reloader.rb:115:in `run!'
activesupport (5.2.4.1) lib/active_support/execution_wrapper.rb:72:in `block in run!'
activesupport (5.2.4.1) lib/active_support/execution_wrapper.rb:69:in `tap'
activesupport (5.2.4.1) lib/active_support/execution_wrapper.rb:69:in `run!'
activesupport (5.2.4.1) lib/active_support/reloader.rb:64:in `run!'
actionpack (5.2.4.1) lib/action_dispatch/middleware/executor.rb:12:in `call'
actionpack (5.2.4.1) lib/action_dispatch/middleware/debug_exceptions.rb:61:in `call'
web-console (3.7.0) lib/web_console/middleware.rb:135:in `call_app'
web-console (3.7.0) lib/web_console/middleware.rb:30:in `block in call'
web-console (3.7.0) lib/web_console/middleware.rb:20:in `catch'
web-console (3.7.0) lib/web_console/middleware.rb:20:in `call'
actionpack (5.2.4.1) lib/action_dispatch/middleware/show_exceptions.rb:33:in `call'
railties (5.2.4.1) lib/rails/rack/logger.rb:38:in `call_app'
railties (5.2.4.1) lib/rails/rack/logger.rb:26:in `block in call'
activesupport (5.2.4.1) lib/active_support/tagged_logging.rb:71:in `block in tagged'
activesupport (5.2.4.1) lib/active_support/tagged_logging.rb:28:in `tagged'
activesupport (5.2.4.1) lib/active_support/tagged_logging.rb:71:in `tagged'
railties (5.2.4.1) lib/rails/rack/logger.rb:26:in `call'
sprockets-rails (3.2.1) lib/sprockets/rails/quiet_assets.rb:13:in `call'
actionpack (5.2.4.1) lib/action_dispatch/middleware/remote_ip.rb:81:in `call'
actionpack (5.2.4.1) lib/action_dispatch/middleware/request_id.rb:27:in `call'
rack (2.0.8) lib/rack/method_override.rb:22:in `call'
rack (2.0.8) lib/rack/runtime.rb:22:in `call'
activesupport (5.2.4.1) lib/active_support/cache/strategy/local_cache_middleware.rb:29:in `call'
actionpack (5.2.4.1) lib/action_dispatch/middleware/executor.rb:14:in `call'
actionpack (5.2.4.1) lib/action_dispatch/middleware/static.rb:127:in `call'
rack (2.0.8) lib/rack/sendfile.rb:111:in `call'
railties (5.2.4.1) lib/rails/engine.rb:524:in `call'
puma (3.12.2) lib/puma/configuration.rb:227:in `call'
puma (3.12.2) lib/puma/server.rb:674:in `handle_request'
puma (3.12.2) lib/puma/server.rb:476:in `process_client'
puma (3.12.2) lib/puma/server.rb:334:in `block in run'
puma (3.12.2) lib/puma/thread_pool.rb:135:in `block in spawn_thread'
Started GET "/favicon.ico" for ::1 at 2020-01-06 16:46:05 -0800
  
ActionController::RoutingError (No route matches [GET] "/favicon.ico"):
  
actionpack (5.2.4.1) lib/action_dispatch/middleware/debug_exceptions.rb:65:in `call'
web-console (3.7.0) lib/web_console/middleware.rb:135:in `call_app'
web-console (3.7.0) lib/web_console/middleware.rb:30:in `block in call'
web-console (3.7.0) lib/web_console/middleware.rb:20:in `catch'
web-console (3.7.0) lib/web_console/middleware.rb:20:in `call'
actionpack (5.2.4.1) lib/action_dispatch/middleware/show_exceptions.rb:33:in `call'
railties (5.2.4.1) lib/rails/rack/logger.rb:38:in `call_app'
railties (5.2.4.1) lib/rails/rack/logger.rb:26:in `block in call'
activesupport (5.2.4.1) lib/active_support/tagged_logging.rb:71:in `block in tagged'
activesupport (5.2.4.1) lib/active_support/tagged_logging.rb:28:in `tagged'
activesupport (5.2.4.1) lib/active_support/tagged_logging.rb:71:in `tagged'
railties (5.2.4.1) lib/rails/rack/logger.rb:26:in `call'
sprockets-rails (3.2.1) lib/sprockets/rails/quiet_assets.rb:13:in `call'
actionpack (5.2.4.1) lib/action_dispatch/middleware/remote_ip.rb:81:in `call'
actionpack (5.2.4.1) lib/action_dispatch/middleware/request_id.rb:27:in `call'
rack (2.0.8) lib/rack/method_override.rb:22:in `call'
rack (2.0.8) lib/rack/runtime.rb:22:in `call'
activesupport (5.2.4.1) lib/active_support/cache/strategy/local_cache_middleware.rb:29:in `call'
actionpack (5.2.4.1) lib/action_dispatch/middleware/executor.rb:14:in `call'
actionpack (5.2.4.1) lib/action_dispatch/middleware/static.rb:127:in `call'
rack (2.0.8) lib/rack/sendfile.rb:111:in `call'
railties (5.2.4.1) lib/rails/engine.rb:524:in `call'
puma (3.12.2) lib/puma/configuration.rb:227:in `call'
puma (3.12.2) lib/puma/server.rb:674:in `handle_request'
puma (3.12.2) lib/puma/server.rb:476:in `process_client'
puma (3.12.2) lib/puma/server.rb:334:in `block in run'
puma (3.12.2) lib/puma/thread_pool.rb:135:in `block in spawn_thread'
Started GET "/" for ::1 at 2020-01-06 16:51:36 -0800
Processing by StaticPagesController#root as HTML
  Rendering static_pages/root.html.erb within layouts/application
  Rendered static_pages/root.html.erb within layouts/application (0.8ms)
Completed 200 OK in 1430ms (Views: 1428.4ms | ActiveRecord: 0.0ms)


Started GET "/" for ::1 at 2020-01-06 16:53:37 -0800
Processing by StaticPagesController#root as HTML
  Rendering static_pages/root.html.erb within layouts/application
  Rendered static_pages/root.html.erb within layouts/application (0.4ms)
Completed 200 OK in 728ms (Views: 725.0ms | ActiveRecord: 0.0ms)


  [1m[35m (12.6ms)[0m  [1m[35mCREATE TABLE "schema_migrations" ("version" character varying NOT NULL PRIMARY KEY)[0m
  ↳ bin/rails:9
  [1m[35m (9.1ms)[0m  [1m[35mCREATE TABLE "ar_internal_metadata" ("key" character varying NOT NULL PRIMARY KEY, "value" character varying, "created_at" timestamp NOT NULL, "updated_at" timestamp NOT NULL)[0m
  ↳ bin/rails:9
  [1m[35m (1.1ms)[0m  [1m[34mSELECT pg_try_advisory_lock(2805315297714828675)[0m
  ↳ bin/rails:9
  [1m[35m (0.6ms)[0m  [1m[34mSELECT "schema_migrations"."version" FROM "schema_migrations" ORDER BY "schema_migrations"."version" ASC[0m
  ↳ bin/rails:9
Migrating to CreateUsers (20200107005727)
  [1m[35m (0.2ms)[0m  [1m[35mBEGIN[0m
  ↳ bin/rails:9
  [1m[35m (13.0ms)[0m  [1m[35mCREATE TABLE "users" ("id" bigserial primary key, "username" character varying NOT NULL, "password_digest" character varying NOT NULL, "session_token" character varying NOT NULL, "created_at" timestamp NOT NULL, "updated_at" timestamp NOT NULL)[0m
  ↳ db/migrate/20200107005727_create_users.rb:3
  [1m[35m (1.9ms)[0m  [1m[35mCREATE UNIQUE INDEX  "index_users_on_username" ON "users"  ("username")[0m
  ↳ db/migrate/20200107005727_create_users.rb:9
  [1m[35m (1.4ms)[0m  [1m[35mCREATE UNIQUE INDEX  "index_users_on_password_digest" ON "users"  ("password_digest")[0m
  ↳ db/migrate/20200107005727_create_users.rb:10
  [1m[35m (1.4ms)[0m  [1m[35mCREATE UNIQUE INDEX  "index_users_on_session_token" ON "users"  ("session_token")[0m
  ↳ db/migrate/20200107005727_create_users.rb:11
  [1m[36mActiveRecord::SchemaMigration Create (2.2ms)[0m  [1m[32mINSERT INTO "schema_migrations" ("version") VALUES ($1) RETURNING "version"[0m  [["version", "20200107005727"]]
  ↳ bin/rails:9
  [1m[35m (0.5ms)[0m  [1m[35mCOMMIT[0m
  ↳ bin/rails:9
  [1m[36mActiveRecord::InternalMetadata Load (0.3ms)[0m  [1m[34mSELECT  "ar_internal_metadata".* FROM "ar_internal_metadata" WHERE "ar_internal_metadata"."key" = $1 LIMIT $2[0m  [["key", "environment"], ["LIMIT", 1]]
  ↳ bin/rails:9
  [1m[35m (0.3ms)[0m  [1m[35mBEGIN[0m
  ↳ bin/rails:9
  [1m[36mActiveRecord::InternalMetadata Create (0.6ms)[0m  [1m[32mINSERT INTO "ar_internal_metadata" ("key", "value", "created_at", "updated_at") VALUES ($1, $2, $3, $4) RETURNING "key"[0m  [["key", "environment"], ["value", "development"], ["created_at", "2020-01-07 01:07:10.055926"], ["updated_at", "2020-01-07 01:07:10.055926"]]
  ↳ bin/rails:9
  [1m[35m (0.4ms)[0m  [1m[35mCOMMIT[0m
  ↳ bin/rails:9
  [1m[35m (0.2ms)[0m  [1m[34mSELECT pg_advisory_unlock(2805315297714828675)[0m
  ↳ bin/rails:9
  [1m[35m (0.2ms)[0m  [1m[34mSELECT "schema_migrations"."version" FROM "schema_migrations" ORDER BY "schema_migrations"."version" ASC[0m
  ↳ bin/rails:9
Started GET "/" for ::1 at 2020-01-07 10:46:13 -0800
  [1m[35m (0.8ms)[0m  [1m[34mSELECT "schema_migrations"."version" FROM "schema_migrations" ORDER BY "schema_migrations"."version" ASC[0m
  ↳ /Users/guanyaowang/.rbenv/versions/2.5.1/lib/ruby/gems/2.5.0/gems/activerecord-5.2.4.1/lib/active_record/log_subscriber.rb:98
Processing by StaticPagesController#root as HTML
  Rendering static_pages/root.html.erb within layouts/application
  Rendered static_pages/root.html.erb within layouts/application (0.8ms)
Completed 200 OK in 440ms (Views: 438.3ms | ActiveRecord: 0.0ms)


Started POST "/api/users" for ::1 at 2020-01-07 10:50:36 -0800
Processing by Api::UsersController#create as JSON
  Parameters: {"user"=>{"username"=>"guanyao", "password"=>"[FILTERED]"}}
Can't verify CSRF token authenticity.
Completed 422 Unprocessable Entity in 1ms (ActiveRecord: 0.0ms)



ActionController::InvalidAuthenticityToken - ActionController::InvalidAuthenticityToken:

Started GET "/" for ::1 at 2020-01-07 10:52:22 -0800
Processing by StaticPagesController#root as HTML
  Rendering static_pages/root.html.erb within layouts/application
  Rendered static_pages/root.html.erb within layouts/application (0.8ms)
Completed 200 OK in 45ms (Views: 43.2ms | ActiveRecord: 0.0ms)


Started POST "/api/users" for ::1 at 2020-01-07 10:52:25 -0800
Processing by Api::UsersController#create as JSON
  Parameters: {"user"=>{"username"=>"guanyao", "password"=>"[FILTERED]"}}
Can't verify CSRF token authenticity.
Completed 422 Unprocessable Entity in 2ms (ActiveRecord: 0.0ms)



ActionController::InvalidAuthenticityToken - ActionController::InvalidAuthenticityToken:

Started GET "/" for ::1 at 2020-01-07 10:54:12 -0800
Processing by StaticPagesController#root as HTML
  Rendering static_pages/root.html.erb within layouts/application
  Rendered static_pages/root.html.erb within layouts/application (1.0ms)
Completed 200 OK in 51ms (Views: 49.0ms | ActiveRecord: 0.0ms)


Started POST "/api/users" for ::1 at 2020-01-07 10:54:14 -0800
Processing by Api::UsersController#create as JSON
  Parameters: {"user"=>{"username"=>"guanyao", "password"=>"[FILTERED]"}}
Can't verify CSRF token authenticity.
Completed 422 Unprocessable Entity in 1ms (ActiveRecord: 0.0ms)



ActionController::InvalidAuthenticityToken - ActionController::InvalidAuthenticityToken:

Started GET "/" for ::1 at 2020-01-07 10:56:20 -0800
Processing by StaticPagesController#root as HTML
  Rendering static_pages/root.html.erb within layouts/application
  Rendered static_pages/root.html.erb within layouts/application (0.4ms)
Completed 200 OK in 28ms (Views: 26.5ms | ActiveRecord: 0.0ms)


Started POST "/api/users" for ::1 at 2020-01-07 10:56:23 -0800
Processing by Api::UsersController#create as JSON
  Parameters: {"user"=>{"username"=>"guanyao", "password"=>"[FILTERED]"}}
Can't verify CSRF token authenticity.
Completed 422 Unprocessable Entity in 2ms (ActiveRecord: 0.0ms)



ActionController::InvalidAuthenticityToken - ActionController::InvalidAuthenticityToken:

Started GET "/" for ::1 at 2020-01-07 10:59:24 -0800
Processing by StaticPagesController#root as HTML
  Rendering static_pages/root.html.erb within layouts/application
  Rendered static_pages/root.html.erb within layouts/application (0.6ms)
Completed 200 OK in 37ms (Views: 34.2ms | ActiveRecord: 0.0ms)


Started GET "/" for ::1 at 2020-01-07 10:59:43 -0800
Processing by StaticPagesController#root as HTML
  Rendering static_pages/root.html.erb within layouts/application
  Rendered static_pages/root.html.erb within layouts/application (0.5ms)
Completed 200 OK in 29ms (Views: 27.7ms | ActiveRecord: 0.0ms)


Started POST "/api/users" for ::1 at 2020-01-07 10:59:45 -0800
Processing by Api::UsersController#create as JSON
  Parameters: {"user"=>{"username"=>"guanyao", "password"=>"[FILTERED]"}}
Can't verify CSRF token authenticity.
Completed 422 Unprocessable Entity in 1ms (ActiveRecord: 0.0ms)



ActionController::InvalidAuthenticityToken - ActionController::InvalidAuthenticityToken:

Started GET "/" for ::1 at 2020-01-07 11:01:41 -0800
Processing by StaticPagesController#root as HTML
  Rendering static_pages/root.html.erb within layouts/application
  Rendered static_pages/root.html.erb within layouts/application (0.4ms)
Completed 200 OK in 29ms (Views: 27.7ms | ActiveRecord: 0.0ms)


Started POST "/api/users" for ::1 at 2020-01-07 11:01:49 -0800
Processing by Api::UsersController#create as JSON
  Parameters: {"user"=>{"username"=>"guanyao", "password"=>"[FILTERED]"}}
  [1m[35m (0.2ms)[0m  [1m[35mBEGIN[0m
  ↳ app/controllers/api/users_controller.rb:6
  [1m[36mUser Create (5.3ms)[0m  [1m[32mINSERT INTO "users" ("username", "password_digest", "session_token", "created_at", "updated_at") VALUES ($1, $2, $3, $4, $5) RETURNING "id"[0m  [["username", "guanyao"], ["password_digest", "$2a$12$pSjJPZSXNy0kX2z1zZPs5.f2sJ5bSka98BCRJwqaOARwZNchRTeV6"], ["session_token", "9slnQsCT4xqyO4MxwWlYtg"], ["created_at", "2020-01-07 19:01:50.131237"], ["updated_at", "2020-01-07 19:01:50.131237"]]
  ↳ app/controllers/api/users_controller.rb:6
  [1m[35m (0.5ms)[0m  [1m[35mCOMMIT[0m
  ↳ app/controllers/api/users_controller.rb:6
  [1m[35m (0.2ms)[0m  [1m[35mBEGIN[0m
  ↳ app/models/user.rb:29
  [1m[36mUser Update (5.4ms)[0m  [1m[33mUPDATE "users" SET "session_token" = $1, "updated_at" = $2 WHERE "users"."id" = $3[0m  [["session_token", "njd0zx6EctxuI0b7H11gpw"], ["updated_at", "2020-01-07 19:01:50.141711"], ["id", 1]]
  ↳ app/models/user.rb:29
  [1m[35m (0.4ms)[0m  [1m[35mCOMMIT[0m
  ↳ app/models/user.rb:29
  Rendering api/users/show.json.jbuilder
  Rendered api/users/show.json.jbuilder (4.1ms)
Completed 500 Internal Server Error in 272ms (ActiveRecord: 28.1ms)



ActionView::MissingTemplate - Missing partial api/user/_user with {:locale=>[:en], :formats=>[:json], :variants=>[], :handlers=>[:jbuilder]}. Searched in:
  * "/Applications/School/APP_Academy/full_stack_project/metube/app/views"
:
  app/views/api/users/show.json.jbuilder:1:in `_app_views_api_users_show_json_jbuilder___4308408330999581054_70122218339660'
  app/controllers/api/users_controller.rb:8:in `create'

Started POST "/api/users" for ::1 at 2020-01-07 11:02:07 -0800
Processing by Api::UsersController#create as JSON
  Parameters: {"user"=>{"username"=>"guanyao", "password"=>"[FILTERED]"}}
  [1m[35m (0.2ms)[0m  [1m[35mBEGIN[0m
  ↳ app/controllers/api/users_controller.rb:6
  [1m[36mUser Create (3.6ms)[0m  [1m[32mINSERT INTO "users" ("username", "password_digest", "session_token", "created_at", "updated_at") VALUES ($1, $2, $3, $4, $5) RETURNING "id"[0m  [["username", "guanyao"], ["password_digest", "$2a$12$8noThcxKwtlGEqjIsAxbzOMJbrwq0vrZk7L3Wp06wwkLBVMaHGuam"], ["session_token", "HFcKq9fIb0sFLmlfWMDsKw"], ["created_at", "2020-01-07 19:02:07.618949"], ["updated_at", "2020-01-07 19:02:07.618949"]]
  ↳ app/controllers/api/users_controller.rb:6
  [1m[35m (0.2ms)[0m  [1m[31mROLLBACK[0m
  ↳ app/controllers/api/users_controller.rb:6
Completed 500 Internal Server Error in 234ms (ActiveRecord: 4.0ms)



PG::UniqueViolation - ERROR:  duplicate key value violates unique constraint "index_users_on_username"
DETAIL:  Key (username)=(guanyao) already exists.
:
  app/controllers/api/users_controller.rb:6:in `create'

Started GET "/" for ::1 at 2020-01-07 11:03:59 -0800
Processing by StaticPagesController#root as HTML
  Rendering static_pages/root.html.erb within layouts/application
  Rendered static_pages/root.html.erb within layouts/application (0.4ms)
Completed 200 OK in 30ms (Views: 28.1ms | ActiveRecord: 0.0ms)


Started POST "/api/users" for ::1 at 2020-01-07 11:04:03 -0800
Processing by Api::UsersController#create as JSON
  Parameters: {"user"=>{"username"=>"guanyao", "password"=>"[FILTERED]"}}
  [1m[35m (0.2ms)[0m  [1m[35mBEGIN[0m
  ↳ app/controllers/api/users_controller.rb:6
  [1m[36mUser Create (1.3ms)[0m  [1m[32mINSERT INTO "users" ("username", "password_digest", "session_token", "created_at", "updated_at") VALUES ($1, $2, $3, $4, $5) RETURNING "id"[0m  [["username", "guanyao"], ["password_digest", "$2a$12$IZmR./Q/ZPR1Df4F6GDDxerAynfS8dVTRjMsEW2xH3LzNq5WI69eW"], ["session_token", "bMaZvr5tIn0z9LA7PNr3pg"], ["created_at", "2020-01-07 19:04:03.354891"], ["updated_at", "2020-01-07 19:04:03.354891"]]
  ↳ app/controllers/api/users_controller.rb:6
  [1m[35m (0.1ms)[0m  [1m[31mROLLBACK[0m
  ↳ app/controllers/api/users_controller.rb:6
Completed 500 Internal Server Error in 248ms (ActiveRecord: 13.0ms)



PG::UniqueViolation - ERROR:  duplicate key value violates unique constraint "index_users_on_username"
DETAIL:  Key (username)=(guanyao) already exists.
:
  app/controllers/api/users_controller.rb:6:in `create'

Started POST "/api/users" for ::1 at 2020-01-07 11:04:37 -0800
Processing by Api::UsersController#create as JSON
  Parameters: {"user"=>{"username"=>"test", "password"=>"[FILTERED]"}}
  [1m[35m (0.2ms)[0m  [1m[35mBEGIN[0m
  ↳ app/controllers/api/users_controller.rb:6
  [1m[36mUser Create (0.5ms)[0m  [1m[32mINSERT INTO "users" ("username", "password_digest", "session_token", "created_at", "updated_at") VALUES ($1, $2, $3, $4, $5) RETURNING "id"[0m  [["username", "test"], ["password_digest", "$2a$12$aBAtj61oeGs6oFIqXS/yTeChXEVE1QsZx6lvbdyOrnMBGzv0JaUXS"], ["session_token", "zs9UvSdxq-HkGGcrdNRGbw"], ["created_at", "2020-01-07 19:04:37.425539"], ["updated_at", "2020-01-07 19:04:37.425539"]]
  ↳ app/controllers/api/users_controller.rb:6
  [1m[35m (2.0ms)[0m  [1m[35mCOMMIT[0m
  ↳ app/controllers/api/users_controller.rb:6
  [1m[35m (0.3ms)[0m  [1m[35mBEGIN[0m
  ↳ app/models/user.rb:29
  [1m[36mUser Update (0.7ms)[0m  [1m[33mUPDATE "users" SET "session_token" = $1, "updated_at" = $2 WHERE "users"."id" = $3[0m  [["session_token", "-coxUI6rlHrjYi_OQ6qVFg"], ["updated_at", "2020-01-07 19:04:37.430552"], ["id", 4]]
  ↳ app/models/user.rb:29
  [1m[35m (0.5ms)[0m  [1m[35mCOMMIT[0m
  ↳ app/models/user.rb:29
  Rendering api/users/show.json.jbuilder
  Rendered api/users/show.json.jbuilder (3.0ms)
Completed 500 Internal Server Error in 245ms (ActiveRecord: 4.2ms)



ActionView::MissingTemplate - Missing partial api/user/_user with {:locale=>[:en], :formats=>[:json], :variants=>[], :handlers=>[:jbuilder]}. Searched in:
  * "/Applications/School/APP_Academy/full_stack_project/metube/app/views"
:
  app/views/api/users/show.json.jbuilder:1:in `_app_views_api_users_show_json_jbuilder___4308408330999581054_70122239480260'
  app/controllers/api/users_controller.rb:8:in `create'

Started GET "/" for ::1 at 2020-01-07 11:06:01 -0800
Processing by StaticPagesController#root as HTML
  Rendering static_pages/root.html.erb within layouts/application
  Rendered static_pages/root.html.erb within layouts/application (0.6ms)
Completed 200 OK in 32ms (Views: 29.2ms | ActiveRecord: 0.0ms)


Started POST "/api/users" for ::1 at 2020-01-07 11:06:04 -0800
Processing by Api::UsersController#create as JSON
  Parameters: {"user"=>{"username"=>"test", "password"=>"[FILTERED]"}}
  [1m[35m (0.2ms)[0m  [1m[35mBEGIN[0m
  ↳ app/controllers/api/users_controller.rb:7
  [1m[36mUser Create (6.6ms)[0m  [1m[32mINSERT INTO "users" ("username", "password_digest", "session_token", "created_at", "updated_at") VALUES ($1, $2, $3, $4, $5) RETURNING "id"[0m  [["username", "test"], ["password_digest", "$2a$12$f5AuegoSMDUvg9t8kMk2gO.cn40OG2GK2/qk278jrH.GlclsW3nzG"], ["session_token", "oXstD5JnQQ0GESuVLr8u3g"], ["created_at", "2020-01-07 19:06:05.070307"], ["updated_at", "2020-01-07 19:06:05.070307"]]
  ↳ app/controllers/api/users_controller.rb:7
  [1m[35m (0.1ms)[0m  [1m[31mROLLBACK[0m
  ↳ app/controllers/api/users_controller.rb:7
Completed 500 Internal Server Error in 256ms (ActiveRecord: 13.8ms)



PG::UniqueViolation - ERROR:  duplicate key value violates unique constraint "index_users_on_username"
DETAIL:  Key (username)=(test) already exists.
:
  app/controllers/api/users_controller.rb:7:in `create'

Started POST "/api/users" for ::1 at 2020-01-07 11:06:18 -0800
Processing by Api::UsersController#create as JSON
  Parameters: {"user"=>{"username"=>"t8est", "password"=>"[FILTERED]"}}
  [1m[35m (0.2ms)[0m  [1m[35mBEGIN[0m
  ↳ app/controllers/api/users_controller.rb:7
  [1m[36mUser Create (0.4ms)[0m  [1m[32mINSERT INTO "users" ("username", "password_digest", "session_token", "created_at", "updated_at") VALUES ($1, $2, $3, $4, $5) RETURNING "id"[0m  [["username", "t8est"], ["password_digest", "$2a$12$cz7luTjzPHflR3tDu3YAou7vqQEc/ty3oED/o7igkoIT4httnKsU6"], ["session_token", "xws6BQEMDBHZAu90FA0n3A"], ["created_at", "2020-01-07 19:06:18.598280"], ["updated_at", "2020-01-07 19:06:18.598280"]]
  ↳ app/controllers/api/users_controller.rb:7
  [1m[35m (1.8ms)[0m  [1m[35mCOMMIT[0m
  ↳ app/controllers/api/users_controller.rb:7
  [1m[35m (0.2ms)[0m  [1m[35mBEGIN[0m
  ↳ app/models/user.rb:29
  [1m[36mUser Update (0.4ms)[0m  [1m[33mUPDATE "users" SET "session_token" = $1, "updated_at" = $2 WHERE "users"."id" = $3[0m  [["session_token", "yy5WXdbytdyazkTMPm0G2w"], ["updated_at", "2020-01-07 19:06:18.602433"], ["id", 6]]
  ↳ app/models/user.rb:29
  [1m[35m (0.5ms)[0m  [1m[35mCOMMIT[0m
  ↳ app/models/user.rb:29
  Rendering api/users/show.json.jbuilder
  Rendered api/users/show.json.jbuilder (2.8ms)
Completed 500 Internal Server Error in 243ms (ActiveRecord: 3.4ms)



ActionView::MissingTemplate - Missing partial api/user/_user with {:locale=>[:en], :formats=>[:json], :variants=>[], :handlers=>[:jbuilder]}. Searched in:
  * "/Applications/School/APP_Academy/full_stack_project/metube/app/views"
:
  app/views/api/users/show.json.jbuilder:1:in `_app_views_api_users_show_json_jbuilder___4308408330999581054_70122251832680'
  app/controllers/api/users_controller.rb:9:in `create'

Started GET "/" for ::1 at 2020-01-07 11:07:58 -0800
Processing by StaticPagesController#root as HTML
  Rendering static_pages/root.html.erb within layouts/application
  Rendered static_pages/root.html.erb within layouts/application (0.5ms)
Completed 200 OK in 30ms (Views: 27.6ms | ActiveRecord: 0.0ms)


Started POST "/api/users" for ::1 at 2020-01-07 11:08:01 -0800
Processing by Api::UsersController#create as JSON
  Parameters: {"user"=>{"username"=>"t8ddffest", "password"=>"[FILTERED]"}}
  [1m[35m (0.2ms)[0m  [1m[35mBEGIN[0m
  ↳ app/controllers/api/users_controller.rb:7
  [1m[36mUser Create (0.4ms)[0m  [1m[32mINSERT INTO "users" ("username", "password_digest", "session_token", "created_at", "updated_at") VALUES ($1, $2, $3, $4, $5) RETURNING "id"[0m  [["username", "t8ddffest"], ["password_digest", "$2a$12$EFf7z44kjqjyTS9yDuoPNOhXWbe9a33dxrs6OdodCZWV2ecXyyHym"], ["session_token", "Bowm5Klvy50SREL0W8YRfQ"], ["created_at", "2020-01-07 19:08:01.939197"], ["updated_at", "2020-01-07 19:08:01.939197"]]
  ↳ app/controllers/api/users_controller.rb:7
  [1m[35m (1.9ms)[0m  [1m[35mCOMMIT[0m
  ↳ app/controllers/api/users_controller.rb:7
  [1m[35m (0.2ms)[0m  [1m[35mBEGIN[0m
  ↳ app/models/user.rb:29
  [1m[36mUser Update (0.5ms)[0m  [1m[33mUPDATE "users" SET "session_token" = $1, "updated_at" = $2 WHERE "users"."id" = $3[0m  [["session_token", "sNFFGpg-jaBqiAcQFVxHAg"], ["updated_at", "2020-01-07 19:08:01.944083"], ["id", 7]]
  ↳ app/models/user.rb:29
  [1m[35m (0.5ms)[0m  [1m[35mCOMMIT[0m
  ↳ app/models/user.rb:29
  Rendering api/users/show.json.jbuilder
  Rendered api/users/show.json.jbuilder (0.5ms)
Completed 200 OK in 240ms (Views: 5.0ms | ActiveRecord: 3.6ms)


  [1m[36mUser Load (0.9ms)[0m  [1m[34mSELECT "users".* FROM "users"[0m
  [1m[36mUser Load (0.5ms)[0m  [1m[34mSELECT  "users".* FROM "users" ORDER BY "users"."id" ASC LIMIT $1[0m  [["LIMIT", 1]]
  [1m[36mUser Load (0.4ms)[0m  [1m[34mSELECT  "users".* FROM "users" ORDER BY "users"."id" ASC LIMIT $1[0m  [["LIMIT", 1]]
  [1m[36mUser Destroy (1.1ms)[0m  [1m[31mDELETE FROM "users" WHERE "users"."id" = $1[0m  [["id", 1]]
  [1m[36mUser Load (0.5ms)[0m  [1m[34mSELECT "users".* FROM "users"[0m
  [1m[36mUser Load (0.5ms)[0m  [1m[34mSELECT  "users".* FROM "users" ORDER BY "users"."id" ASC LIMIT $1[0m  [["LIMIT", 1]]
  [1m[36mUser Destroy (1.9ms)[0m  [1m[31mDELETE FROM "users" WHERE "users"."id" = $1[0m  [["id", 4]]
  [1m[36mUser Load (0.4ms)[0m  [1m[34mSELECT  "users".* FROM "users" ORDER BY "users"."id" ASC LIMIT $1[0m  [["LIMIT", 1]]
  [1m[36mUser Destroy (1.8ms)[0m  [1m[31mDELETE FROM "users" WHERE "users"."id" = $1[0m  [["id", 6]]
  [1m[36mUser Load (0.5ms)[0m  [1m[34mSELECT  "users".* FROM "users" ORDER BY "users"."id" ASC LIMIT $1[0m  [["LIMIT", 1]]
  [1m[36mUser Destroy (1.8ms)[0m  [1m[31mDELETE FROM "users" WHERE "users"."id" = $1[0m  [["id", 7]]
  [1m[36mUser Load (0.5ms)[0m  [1m[34mSELECT "users".* FROM "users"[0m
Started POST "/api/users" for ::1 at 2020-01-07 11:11:24 -0800
Processing by Api::UsersController#create as JSON
  Parameters: {"user"=>{"username"=>"user1", "password"=>"[FILTERED]"}}
  [1m[35m (0.2ms)[0m  [1m[35mBEGIN[0m
  ↳ app/controllers/api/users_controller.rb:5
  [1m[36mUser Create (0.4ms)[0m  [1m[32mINSERT INTO "users" ("username", "password_digest", "session_token", "created_at", "updated_at") VALUES ($1, $2, $3, $4, $5) RETURNING "id"[0m  [["username", "user1"], ["password_digest", "$2a$12$jgFSrsBq3YFvi3xEdlLjp.kmpuLNv/7oBIiYWyPLPQXjwLOo4qmue"], ["session_token", "5uQ7VRxq4cl7ExpHUV6Akw"], ["created_at", "2020-01-07 19:11:24.398750"], ["updated_at", "2020-01-07 19:11:24.398750"]]
  ↳ app/controllers/api/users_controller.rb:5
  [1m[35m (0.8ms)[0m  [1m[35mCOMMIT[0m
  ↳ app/controllers/api/users_controller.rb:5
  [1m[35m (0.2ms)[0m  [1m[35mBEGIN[0m
  ↳ app/models/user.rb:29
  [1m[36mUser Update (0.4ms)[0m  [1m[33mUPDATE "users" SET "session_token" = $1, "updated_at" = $2 WHERE "users"."id" = $3[0m  [["session_token", "INHeE4LRosMnsZrv2SYg-A"], ["updated_at", "2020-01-07 19:11:24.402294"], ["id", 8]]
  ↳ app/models/user.rb:29
  [1m[35m (0.5ms)[0m  [1m[35mCOMMIT[0m
  ↳ app/models/user.rb:29
  Rendering api/users/show.json.jbuilder
  Rendered api/users/show.json.jbuilder (0.4ms)
Completed 200 OK in 248ms (Views: 5.2ms | ActiveRecord: 8.5ms)


  [1m[36mUser Load (1.4ms)[0m  [1m[34mSELECT "users".* FROM "users"[0m
Started GET "/api/users/1" for ::1 at 2020-01-07 11:13:03 -0800
Processing by Api::UsersController#show as JSON
  Parameters: {"id"=>"1"}
  Rendering api/users/show.json.jbuilder
  Rendered api/users/show.json.jbuilder (3.5ms)
Completed 500 Internal Server Error in 11ms (ActiveRecord: 0.0ms)



NoMethodError - undefined method `id' for nil:NilClass:
  app/views/api/users/show.json.jbuilder:1:in `_app_views_api_users_show_json_jbuilder___4308408330999581054_70122217306780'

Started GET "/api/users/8" for ::1 at 2020-01-07 11:13:12 -0800
Processing by Api::UsersController#show as JSON
  Parameters: {"id"=>"8"}
  Rendering api/users/show.json.jbuilder
  Rendered api/users/show.json.jbuilder (12.0ms)
Completed 500 Internal Server Error in 20ms (ActiveRecord: 0.0ms)



NoMethodError - undefined method `id' for nil:NilClass:
  app/views/api/users/show.json.jbuilder:1:in `_app_views_api_users_show_json_jbuilder___4308408330999581054_70122213448900'

Started GET "/" for ::1 at 2020-01-07 11:14:47 -0800
Processing by StaticPagesController#root as HTML
  Rendering static_pages/root.html.erb within layouts/application
  Rendered static_pages/root.html.erb within layouts/application (0.8ms)
Completed 200 OK in 30ms (Views: 27.4ms | ActiveRecord: 0.0ms)


Started GET "/api/users/8" for ::1 at 2020-01-07 11:14:50 -0800
Processing by Api::UsersController#show as JSON
  Parameters: {"id"=>"8"}
  Rendering api/users/show.json.jbuilder
  Rendered api/users/show.json.jbuilder (3.9ms)
Completed 500 Internal Server Error in 11ms (ActiveRecord: 0.0ms)



NoMethodError - undefined method `username' for nil:NilClass:
  app/views/api/users/show.json.jbuilder:1:in `_app_views_api_users_show_json_jbuilder___4308408330999581054_70122214757740'

Started GET "/api/users/1" for ::1 at 2020-01-07 11:16:53 -0800
Processing by Api::UsersController#show as JSON
  Parameters: {"id"=>"1"}
  Rendering api/users/show.json.jbuilder
  Rendered api/users/show.json.jbuilder (9.4ms)
Completed 500 Internal Server Error in 17ms (ActiveRecord: 0.0ms)



NoMethodError - undefined method `id' for nil:NilClass:
  app/views/api/users/show.json.jbuilder:1:in `_app_views_api_users_show_json_jbuilder___4308408330999581054_70122216880080'

Started GET "/api/users/2" for ::1 at 2020-01-07 11:16:57 -0800
Processing by Api::UsersController#show as JSON
  Parameters: {"id"=>"2"}
  Rendering api/users/show.json.jbuilder
  Rendered api/users/show.json.jbuilder (6.2ms)
Completed 500 Internal Server Error in 13ms (ActiveRecord: 0.0ms)



NoMethodError - undefined method `id' for nil:NilClass:
  app/views/api/users/show.json.jbuilder:1:in `_app_views_api_users_show_json_jbuilder___4308408330999581054_70122239317300'

Started GET "/api/users/3" for ::1 at 2020-01-07 11:17:04 -0800
Processing by Api::UsersController#show as JSON
  Parameters: {"id"=>"3"}
  Rendering api/users/show.json.jbuilder
  Rendered api/users/show.json.jbuilder (5.1ms)
Completed 500 Internal Server Error in 13ms (ActiveRecord: 0.0ms)



NoMethodError - undefined method `id' for nil:NilClass:
  app/views/api/users/show.json.jbuilder:1:in `_app_views_api_users_show_json_jbuilder___4308408330999581054_70122239803920'

  [1m[36mUser Load (0.9ms)[0m  [1m[34mSELECT "users".* FROM "users"[0m
Started GET "/api/users/4" for ::1 at 2020-01-07 11:17:38 -0800
Processing by Api::UsersController#show as JSON
  Parameters: {"id"=>"4"}
  Rendering api/users/show.json.jbuilder
  Rendered api/users/show.json.jbuilder (3.6ms)
Completed 500 Internal Server Error in 13ms (ActiveRecord: 0.0ms)



NoMethodError - undefined method `id' for nil:NilClass:
  app/views/api/users/show.json.jbuilder:1:in `_app_views_api_users_show_json_jbuilder___4308408330999581054_70122210849460'

Started GET "/api/users/5" for ::1 at 2020-01-07 11:17:44 -0800
Processing by Api::UsersController#show as JSON
  Parameters: {"id"=>"5"}
  Rendering api/users/show.json.jbuilder
  Rendered api/users/show.json.jbuilder (5.1ms)
Completed 500 Internal Server Error in 13ms (ActiveRecord: 0.0ms)



NoMethodError - undefined method `id' for nil:NilClass:
  app/views/api/users/show.json.jbuilder:1:in `_app_views_api_users_show_json_jbuilder___4308408330999581054_70122251818440'

Started GET "/" for ::1 at 2020-01-07 11:22:30 -0800
  [1m[35m (1.4ms)[0m  [1m[34mSELECT "schema_migrations"."version" FROM "schema_migrations" ORDER BY "schema_migrations"."version" ASC[0m
  ↳ /Users/guanyaowang/.rbenv/versions/2.5.1/lib/ruby/gems/2.5.0/gems/activerecord-5.2.4.1/lib/active_record/log_subscriber.rb:98
Processing by StaticPagesController#root as HTML
  Rendering static_pages/root.html.erb within layouts/application
  Rendered static_pages/root.html.erb within layouts/application (1.2ms)
Completed 200 OK in 1731ms (Views: 1729.4ms | ActiveRecord: 0.0ms)


Started GET "/api/users/5" for ::1 at 2020-01-07 11:22:34 -0800
Processing by Api::UsersController#show as JSON
  Parameters: {"id"=>"5"}
  Rendering api/users/show.json.jbuilder
  Rendered api/users/show.json.jbuilder (5.6ms)
Completed 500 Internal Server Error in 14ms (ActiveRecord: 0.0ms)



NoMethodError - undefined method `id' for nil:NilClass:
  app/views/api/users/show.json.jbuilder:1:in `_app_views_api_users_show_json_jbuilder___727555131757601157_70365023143680'

Started GET "/" for ::1 at 2020-01-07 11:24:34 -0800
Processing by StaticPagesController#root as HTML
  Rendering static_pages/root.html.erb within layouts/application
  Rendered static_pages/root.html.erb within layouts/application (0.4ms)
Completed 200 OK in 30ms (Views: 28.0ms | ActiveRecord: 0.0ms)


Started GET "/api/users/5" for ::1 at 2020-01-07 11:24:37 -0800
Processing by Api::UsersController#show as JSON
  Parameters: {"id"=>"5"}
  [1m[36mUser Load (1.6ms)[0m  [1m[34mSELECT  "users".* FROM "users" WHERE "users"."id" = $1 LIMIT $2[0m  [["id", 5], ["LIMIT", 1]]
  ↳ app/controllers/api/users_controller.rb:14
Completed 404 Not Found in 17ms (ActiveRecord: 9.3ms)



ActiveRecord::RecordNotFound - Couldn't find User with 'id'=5:
  app/controllers/api/users_controller.rb:14:in `show'

Started GET "/api/users/8" for ::1 at 2020-01-07 11:24:55 -0800
Processing by Api::UsersController#show as JSON
  Parameters: {"id"=>"8"}
  [1m[36mUser Load (0.3ms)[0m  [1m[34mSELECT  "users".* FROM "users" WHERE "users"."id" = $1 LIMIT $2[0m  [["id", 8], ["LIMIT", 1]]
  ↳ app/controllers/api/users_controller.rb:14
  Rendering api/users/show.json.jbuilder
  Rendered api/users/show.json.jbuilder (0.5ms)
Completed 200 OK in 22ms (Views: 6.2ms | ActiveRecord: 5.8ms)


Started GET "/" for ::1 at 2020-01-07 11:26:00 -0800
Processing by StaticPagesController#root as HTML
  Rendering static_pages/root.html.erb within layouts/application
  Rendered static_pages/root.html.erb within layouts/application (0.5ms)
Completed 200 OK in 26ms (Views: 23.6ms | ActiveRecord: 0.0ms)


Started GET "/api/users/8" for ::1 at 2020-01-07 11:26:02 -0800
  
ActionController::RoutingError (No route matches [GET] "/api/users/8"):
  
actionpack (5.2.4.1) lib/action_dispatch/middleware/debug_exceptions.rb:65:in `call'
web-console (3.7.0) lib/web_console/middleware.rb:135:in `call_app'
web-console (3.7.0) lib/web_console/middleware.rb:30:in `block in call'
web-console (3.7.0) lib/web_console/middleware.rb:20:in `catch'
web-console (3.7.0) lib/web_console/middleware.rb:20:in `call'
actionpack (5.2.4.1) lib/action_dispatch/middleware/show_exceptions.rb:33:in `call'
railties (5.2.4.1) lib/rails/rack/logger.rb:38:in `call_app'
railties (5.2.4.1) lib/rails/rack/logger.rb:26:in `block in call'
activesupport (5.2.4.1) lib/active_support/tagged_logging.rb:71:in `block in tagged'
activesupport (5.2.4.1) lib/active_support/tagged_logging.rb:28:in `tagged'
activesupport (5.2.4.1) lib/active_support/tagged_logging.rb:71:in `tagged'
railties (5.2.4.1) lib/rails/rack/logger.rb:26:in `call'
sprockets-rails (3.2.1) lib/sprockets/rails/quiet_assets.rb:13:in `call'
actionpack (5.2.4.1) lib/action_dispatch/middleware/remote_ip.rb:81:in `call'
actionpack (5.2.4.1) lib/action_dispatch/middleware/request_id.rb:27:in `call'
rack (2.0.8) lib/rack/method_override.rb:22:in `call'
rack (2.0.8) lib/rack/runtime.rb:22:in `call'
activesupport (5.2.4.1) lib/active_support/cache/strategy/local_cache_middleware.rb:29:in `call'
actionpack (5.2.4.1) lib/action_dispatch/middleware/executor.rb:14:in `call'
actionpack (5.2.4.1) lib/action_dispatch/middleware/static.rb:127:in `call'
rack (2.0.8) lib/rack/sendfile.rb:111:in `call'
railties (5.2.4.1) lib/rails/engine.rb:524:in `call'
puma (3.12.2) lib/puma/configuration.rb:227:in `call'
puma (3.12.2) lib/puma/server.rb:674:in `handle_request'
puma (3.12.2) lib/puma/server.rb:476:in `process_client'
puma (3.12.2) lib/puma/server.rb:334:in `block in run'
puma (3.12.2) lib/puma/thread_pool.rb:135:in `block in spawn_thread'
Started GET "/" for ::1 at 2020-01-07 11:26:22 -0800
Processing by StaticPagesController#root as HTML
  Rendering static_pages/root.html.erb within layouts/application
  Rendered static_pages/root.html.erb within layouts/application (0.5ms)
Completed 200 OK in 26ms (Views: 23.9ms | ActiveRecord: 0.0ms)


Started GET "/api/users/8" for ::1 at 2020-01-07 11:26:26 -0800
Processing by Api::UsersController#show as JSON
  Parameters: {"id"=>"8"}
  [1m[36mUser Load (0.3ms)[0m  [1m[34mSELECT  "users".* FROM "users" WHERE "users"."id" = $1 LIMIT $2[0m  [["id", 8], ["LIMIT", 1]]
  ↳ app/controllers/api/users_controller.rb:14
  Rendering api/users/show.json.jbuilder
  Rendered api/users/show.json.jbuilder (1.0ms)
Completed 200 OK in 26ms (Views: 7.9ms | ActiveRecord: 7.7ms)


Started POST "/api/session" for ::1 at 2020-01-07 11:29:56 -0800

NameError - uninitialized constant Api::SessionController:

Started GET "/" for ::1 at 2020-01-07 11:31:51 -0800
Processing by StaticPagesController#root as HTML
  Rendering static_pages/root.html.erb within layouts/application
  Rendered static_pages/root.html.erb within layouts/application (0.9ms)
Completed 200 OK in 30ms (Views: 28.1ms | ActiveRecord: 0.0ms)


Started POST "/api/session" for ::1 at 2020-01-07 11:31:54 -0800
Processing by Api::SessionController#create as JSON
  Parameters: {"user"=>{"username"=>"user1", "password"=>"[FILTERED]"}}
  [1m[36mUser Load (0.4ms)[0m  [1m[34mSELECT  "users".* FROM "users" WHERE "users"."username" = $1 LIMIT $2[0m  [["username", "user1"], ["LIMIT", 1]]
  ↳ app/models/user.rb:18
  [1m[35m (0.2ms)[0m  [1m[35mBEGIN[0m
  ↳ app/models/user.rb:29
  [1m[36mUser Update (0.6ms)[0m  [1m[33mUPDATE "users" SET "session_token" = $1, "updated_at" = $2 WHERE "users"."id" = $3[0m  [["session_token", "i9VSmVyrR0Pw5LFknyrXNw"], ["updated_at", "2020-01-07 19:31:54.375986"], ["id", 8]]
  ↳ app/models/user.rb:29
  [1m[35m (3.1ms)[0m  [1m[35mCOMMIT[0m
  ↳ app/models/user.rb:29
  Rendering api/users/show.json.jbuilder
  Rendered api/users/show.json.jbuilder (0.5ms)
Completed 200 OK in 240ms (Views: 5.6ms | ActiveRecord: 8.6ms)


Started POST "/api/session" for ::1 at 2020-01-07 11:34:01 -0800

NameError - uninitialized constant Api::SessionController:

Started GET "/" for ::1 at 2020-01-07 11:34:04 -0800
Processing by StaticPagesController#root as HTML
  Rendering static_pages/root.html.erb within layouts/application
  Rendered static_pages/root.html.erb within layouts/application (0.8ms)
Completed 200 OK in 32ms (Views: 29.9ms | ActiveRecord: 0.0ms)


Started POST "/api/session" for ::1 at 2020-01-07 11:34:06 -0800

NameError - uninitialized constant Api::SessionController:

Started GET "/" for ::1 at 2020-01-07 11:34:44 -0800
Processing by StaticPagesController#root as HTML
  Rendering static_pages/root.html.erb within layouts/application
  Rendered static_pages/root.html.erb within layouts/application (0.6ms)
Completed 200 OK in 33ms (Views: 31.7ms | ActiveRecord: 0.0ms)


Started POST "/api/session" for ::1 at 2020-01-07 11:34:46 -0800
Processing by Api::SessionsController#create as JSON
  Parameters: {"user"=>{"username"=>"user1", "password"=>"[FILTERED]"}}
  [1m[36mUser Load (0.3ms)[0m  [1m[34mSELECT  "users".* FROM "users" WHERE "users"."username" = $1 LIMIT $2[0m  [["username", "user1"], ["LIMIT", 1]]
  ↳ app/models/user.rb:18
  [1m[35m (0.3ms)[0m  [1m[35mBEGIN[0m
  ↳ app/models/user.rb:29
  [1m[36mUser Update (0.5ms)[0m  [1m[33mUPDATE "users" SET "session_token" = $1, "updated_at" = $2 WHERE "users"."id" = $3[0m  [["session_token", "L5Eega_rEVBOZ_2P-TBr7A"], ["updated_at", "2020-01-07 19:34:46.815497"], ["id", 8]]
  ↳ app/models/user.rb:29
  [1m[35m (1.9ms)[0m  [1m[35mCOMMIT[0m
  ↳ app/models/user.rb:29
  Rendering api/users/show.json.jbuilder
  Rendered api/users/show.json.jbuilder (0.4ms)
Completed 200 OK in 251ms (Views: 5.1ms | ActiveRecord: 9.1ms)


Started DELETE "/api/session/1" for ::1 at 2020-01-07 11:35:49 -0800
  
ActionController::RoutingError (No route matches [DELETE] "/api/session/1"):
  
actionpack (5.2.4.1) lib/action_dispatch/middleware/debug_exceptions.rb:65:in `call'
web-console (3.7.0) lib/web_console/middleware.rb:135:in `call_app'
web-console (3.7.0) lib/web_console/middleware.rb:30:in `block in call'
web-console (3.7.0) lib/web_console/middleware.rb:20:in `catch'
web-console (3.7.0) lib/web_console/middleware.rb:20:in `call'
actionpack (5.2.4.1) lib/action_dispatch/middleware/show_exceptions.rb:33:in `call'
railties (5.2.4.1) lib/rails/rack/logger.rb:38:in `call_app'
railties (5.2.4.1) lib/rails/rack/logger.rb:26:in `block in call'
activesupport (5.2.4.1) lib/active_support/tagged_logging.rb:71:in `block in tagged'
activesupport (5.2.4.1) lib/active_support/tagged_logging.rb:28:in `tagged'
activesupport (5.2.4.1) lib/active_support/tagged_logging.rb:71:in `tagged'
railties (5.2.4.1) lib/rails/rack/logger.rb:26:in `call'
sprockets-rails (3.2.1) lib/sprockets/rails/quiet_assets.rb:13:in `call'
actionpack (5.2.4.1) lib/action_dispatch/middleware/remote_ip.rb:81:in `call'
actionpack (5.2.4.1) lib/action_dispatch/middleware/request_id.rb:27:in `call'
rack (2.0.8) lib/rack/method_override.rb:22:in `call'
rack (2.0.8) lib/rack/runtime.rb:22:in `call'
activesupport (5.2.4.1) lib/active_support/cache/strategy/local_cache_middleware.rb:29:in `call'
actionpack (5.2.4.1) lib/action_dispatch/middleware/executor.rb:14:in `call'
actionpack (5.2.4.1) lib/action_dispatch/middleware/static.rb:127:in `call'
rack (2.0.8) lib/rack/sendfile.rb:111:in `call'
railties (5.2.4.1) lib/rails/engine.rb:524:in `call'
puma (3.12.2) lib/puma/configuration.rb:227:in `call'
puma (3.12.2) lib/puma/server.rb:674:in `handle_request'
puma (3.12.2) lib/puma/server.rb:476:in `process_client'
puma (3.12.2) lib/puma/server.rb:334:in `block in run'
puma (3.12.2) lib/puma/thread_pool.rb:135:in `block in spawn_thread'
Started DELETE "/api/session/8" for ::1 at 2020-01-07 11:37:03 -0800
  
ActionController::RoutingError (No route matches [DELETE] "/api/session/8"):
  
actionpack (5.2.4.1) lib/action_dispatch/middleware/debug_exceptions.rb:65:in `call'
web-console (3.7.0) lib/web_console/middleware.rb:135:in `call_app'
web-console (3.7.0) lib/web_console/middleware.rb:30:in `block in call'
web-console (3.7.0) lib/web_console/middleware.rb:20:in `catch'
web-console (3.7.0) lib/web_console/middleware.rb:20:in `call'
actionpack (5.2.4.1) lib/action_dispatch/middleware/show_exceptions.rb:33:in `call'
railties (5.2.4.1) lib/rails/rack/logger.rb:38:in `call_app'
railties (5.2.4.1) lib/rails/rack/logger.rb:26:in `block in call'
activesupport (5.2.4.1) lib/active_support/tagged_logging.rb:71:in `block in tagged'
activesupport (5.2.4.1) lib/active_support/tagged_logging.rb:28:in `tagged'
activesupport (5.2.4.1) lib/active_support/tagged_logging.rb:71:in `tagged'
railties (5.2.4.1) lib/rails/rack/logger.rb:26:in `call'
sprockets-rails (3.2.1) lib/sprockets/rails/quiet_assets.rb:13:in `call'
actionpack (5.2.4.1) lib/action_dispatch/middleware/remote_ip.rb:81:in `call'
actionpack (5.2.4.1) lib/action_dispatch/middleware/request_id.rb:27:in `call'
rack (2.0.8) lib/rack/method_override.rb:22:in `call'
rack (2.0.8) lib/rack/runtime.rb:22:in `call'
activesupport (5.2.4.1) lib/active_support/cache/strategy/local_cache_middleware.rb:29:in `call'
actionpack (5.2.4.1) lib/action_dispatch/middleware/executor.rb:14:in `call'
actionpack (5.2.4.1) lib/action_dispatch/middleware/static.rb:127:in `call'
rack (2.0.8) lib/rack/sendfile.rb:111:in `call'
railties (5.2.4.1) lib/rails/engine.rb:524:in `call'
puma (3.12.2) lib/puma/configuration.rb:227:in `call'
puma (3.12.2) lib/puma/server.rb:674:in `handle_request'
puma (3.12.2) lib/puma/server.rb:476:in `process_client'
puma (3.12.2) lib/puma/server.rb:334:in `block in run'
puma (3.12.2) lib/puma/thread_pool.rb:135:in `block in spawn_thread'
Started DELETE "/api/session" for ::1 at 2020-01-07 11:39:02 -0800
Processing by Api::SessionsController#destroy as JSON
  [1m[36mUser Load (0.3ms)[0m  [1m[34mSELECT  "users".* FROM "users" WHERE "users"."session_token" = $1 LIMIT $2[0m  [["session_token", "L5Eega_rEVBOZ_2P-TBr7A"], ["LIMIT", 1]]
  ↳ app/controllers/application_controller.rb:9
  [1m[35m (0.5ms)[0m  [1m[35mBEGIN[0m
  ↳ app/models/user.rb:29
  [1m[36mUser Update (0.6ms)[0m  [1m[33mUPDATE "users" SET "session_token" = $1, "updated_at" = $2 WHERE "users"."id" = $3[0m  [["session_token", "Yv9kcvN2Ex7kmqVZTnGoKA"], ["updated_at", "2020-01-07 19:39:02.430474"], ["id", 8]]
  ↳ app/models/user.rb:29
  [1m[35m (2.0ms)[0m  [1m[35mCOMMIT[0m
  ↳ app/models/user.rb:29
  Rendering api/users/show.json.jbuilder
  Rendered api/users/show.json.jbuilder (1.1ms)
Completed 200 OK in 19ms (Views: 10.6ms | ActiveRecord: 3.4ms)


Started GET "/" for ::1 at 2020-01-07 11:40:46 -0800
Processing by StaticPagesController#root as HTML
  Rendering static_pages/root.html.erb within layouts/application
  Rendered static_pages/root.html.erb within layouts/application (0.6ms)
Completed 200 OK in 36ms (Views: 32.6ms | ActiveRecord: 0.0ms)


Started GET "/" for ::1 at 2020-01-07 11:51:22 -0800
Processing by StaticPagesController#root as HTML
  Rendering static_pages/root.html.erb within layouts/application
  Rendered static_pages/root.html.erb within layouts/application (0.5ms)
Completed 200 OK in 961ms (Views: 958.8ms | ActiveRecord: 0.0ms)


Started POST "/api/users" for ::1 at 2020-01-07 11:51:59 -0800
Processing by Api::UsersController#create as JSON
  Parameters: {"user"=>{"username"=>"user2", "password"=>"[FILTERED]"}}
  [1m[35m (0.2ms)[0m  [1m[35mBEGIN[0m
  ↳ app/controllers/api/users_controller.rb:5
  [1m[36mUser Create (1.3ms)[0m  [1m[32mINSERT INTO "users" ("username", "password_digest", "session_token", "created_at", "updated_at") VALUES ($1, $2, $3, $4, $5) RETURNING "id"[0m  [["username", "user2"], ["password_digest", "$2a$12$qegUuuF1GZzbGnWaxjNB2.hnMVaF98HGFTg4d62.gXLObUIgC4s8C"], ["session_token", "-lCs6hSSbDzLEVwdP7-K8g"], ["created_at", "2020-01-07 19:52:00.189863"], ["updated_at", "2020-01-07 19:52:00.189863"]]
  ↳ app/controllers/api/users_controller.rb:5
  [1m[35m (2.1ms)[0m  [1m[35mCOMMIT[0m
  ↳ app/controllers/api/users_controller.rb:5
  [1m[35m (0.4ms)[0m  [1m[35mBEGIN[0m
  ↳ app/models/user.rb:29
  [1m[36mUser Update (0.7ms)[0m  [1m[33mUPDATE "users" SET "session_token" = $1, "updated_at" = $2 WHERE "users"."id" = $3[0m  [["session_token", "l2zotLasRFPk8A3Mx2PuSQ"], ["updated_at", "2020-01-07 19:52:00.195915"], ["id", 9]]
  ↳ app/models/user.rb:29
  [1m[35m (0.5ms)[0m  [1m[35mCOMMIT[0m
  ↳ app/models/user.rb:29
  Rendering api/users/show.json.jbuilder
  Rendered api/users/show.json.jbuilder (0.7ms)
Completed 200 OK in 242ms (Views: 5.4ms | ActiveRecord: 5.2ms)


Started POST "/api/session" for ::1 at 2020-01-07 11:52:39 -0800
Processing by Api::SessionsController#create as JSON
  Parameters: {"user"=>{"username"=>"user2", "password"=>"[FILTERED]"}}
  [1m[36mUser Load (0.4ms)[0m  [1m[34mSELECT  "users".* FROM "users" WHERE "users"."username" = $1 LIMIT $2[0m  [["username", "user2"], ["LIMIT", 1]]
  ↳ app/models/user.rb:18
  [1m[35m (0.2ms)[0m  [1m[35mBEGIN[0m
  ↳ app/models/user.rb:29
  [1m[36mUser Update (0.8ms)[0m  [1m[33mUPDATE "users" SET "session_token" = $1, "updated_at" = $2 WHERE "users"."id" = $3[0m  [["session_token", "gFimSH2Ni5dloM5ZqrUDHA"], ["updated_at", "2020-01-07 19:52:39.953375"], ["id", 9]]
  ↳ app/models/user.rb:29
  [1m[35m (1.7ms)[0m  [1m[35mCOMMIT[0m
  ↳ app/models/user.rb:29
  Rendering api/users/show.json.jbuilder
  Rendered api/users/show.json.jbuilder (0.4ms)
Completed 200 OK in 242ms (Views: 4.9ms | ActiveRecord: 3.4ms)


Started DELETE "/api/session" for ::1 at 2020-01-07 11:52:54 -0800
Processing by Api::SessionsController#destroy as JSON
  [1m[36mUser Load (0.4ms)[0m  [1m[34mSELECT  "users".* FROM "users" WHERE "users"."session_token" = $1 LIMIT $2[0m  [["session_token", "gFimSH2Ni5dloM5ZqrUDHA"], ["LIMIT", 1]]
  ↳ app/controllers/application_controller.rb:9
  [1m[35m (0.2ms)[0m  [1m[35mBEGIN[0m
  ↳ app/models/user.rb:29
  [1m[36mUser Update (0.4ms)[0m  [1m[33mUPDATE "users" SET "session_token" = $1, "updated_at" = $2 WHERE "users"."id" = $3[0m  [["session_token", "Y7X3ZEe-D_7W8FWLePsGyA"], ["updated_at", "2020-01-07 19:52:54.481190"], ["id", 9]]
  ↳ app/models/user.rb:29
  [1m[35m (1.9ms)[0m  [1m[35mCOMMIT[0m
  ↳ app/models/user.rb:29
  Rendering api/users/show.json.jbuilder
  Rendered api/users/show.json.jbuilder (0.4ms)
Completed 200 OK in 13ms (Views: 5.7ms | ActiveRecord: 2.9ms)


Started GET "/" for ::1 at 2020-01-07 11:53:00 -0800
Processing by StaticPagesController#root as HTML
  Rendering static_pages/root.html.erb within layouts/application
  Rendered static_pages/root.html.erb within layouts/application (0.4ms)
Completed 200 OK in 37ms (Views: 32.4ms | ActiveRecord: 0.0ms)


Started GET "/" for ::1 at 2020-01-07 11:58:25 -0800
Processing by StaticPagesController#root as HTML
  Rendering static_pages/root.html.erb within layouts/application
  Rendered static_pages/root.html.erb within layouts/application (0.3ms)
Completed 200 OK in 664ms (Views: 661.1ms | ActiveRecord: 0.0ms)


Started GET "/api/users/8" for ::1 at 2020-01-07 11:58:37 -0800
Processing by Api::UsersController#show as JSON
  Parameters: {"id"=>"8"}
  [1m[36mUser Load (0.3ms)[0m  [1m[34mSELECT  "users".* FROM "users" WHERE "users"."id" = $1 LIMIT $2[0m  [["id", 8], ["LIMIT", 1]]
  ↳ app/controllers/api/users_controller.rb:14
  Rendering api/users/show.json.jbuilder
  Rendered api/users/show.json.jbuilder (0.6ms)
Completed 200 OK in 30ms (Views: 6.7ms | ActiveRecord: 9.5ms)


Started GET "/" for ::1 at 2020-01-07 14:40:51 -0800
Processing by StaticPagesController#root as HTML
  Rendering static_pages/root.html.erb within layouts/application
  Rendered static_pages/root.html.erb within layouts/application (0.4ms)
Completed 200 OK in 780ms (Views: 777.9ms | ActiveRecord: 0.0ms)


Started GET "/" for ::1 at 2020-01-07 14:42:26 -0800
Processing by StaticPagesController#root as HTML
  Rendering static_pages/root.html.erb within layouts/application
  Rendered static_pages/root.html.erb within layouts/application (1.1ms)
Completed 200 OK in 734ms (Views: 730.5ms | ActiveRecord: 0.0ms)


Started GET "/" for ::1 at 2020-01-07 14:54:04 -0800
Processing by StaticPagesController#root as HTML
  Rendering static_pages/root.html.erb within layouts/application
  Rendered static_pages/root.html.erb within layouts/application (0.4ms)
Completed 200 OK in 715ms (Views: 712.0ms | ActiveRecord: 0.0ms)


Started GET "/" for ::1 at 2020-01-07 14:54:49 -0800
Processing by StaticPagesController#root as HTML
  Rendering static_pages/root.html.erb within layouts/application
  Rendered static_pages/root.html.erb within layouts/application (0.8ms)
Completed 200 OK in 734ms (Views: 732.1ms | ActiveRecord: 0.0ms)


Started GET "/" for ::1 at 2020-01-07 15:11:46 -0800
Processing by StaticPagesController#root as HTML
  Rendering static_pages/root.html.erb within layouts/application
  Rendered static_pages/root.html.erb within layouts/application (0.4ms)
Completed 200 OK in 808ms (Views: 806.0ms | ActiveRecord: 0.0ms)


Started GET "/" for ::1 at 2020-01-07 15:13:19 -0800
Processing by StaticPagesController#root as HTML
  Rendering static_pages/root.html.erb within layouts/application
  Rendered static_pages/root.html.erb within layouts/application (0.7ms)
Completed 200 OK in 835ms (Views: 832.1ms | ActiveRecord: 0.0ms)


Started POST "/api/session" for ::1 at 2020-01-07 15:14:01 -0800
Processing by Api::SessionsController#create as JSON
  Parameters: {"user"=>{"username"=>"user1", "password"=>"[FILTERED]"}}
  [1m[36mUser Load (0.8ms)[0m  [1m[34mSELECT  "users".* FROM "users" WHERE "users"."username" = $1 LIMIT $2[0m  [["username", "user1"], ["LIMIT", 1]]
  ↳ app/models/user.rb:18
  [1m[35m (0.2ms)[0m  [1m[35mBEGIN[0m
  ↳ app/models/user.rb:29
  [1m[36mUser Update (0.6ms)[0m  [1m[33mUPDATE "users" SET "session_token" = $1, "updated_at" = $2 WHERE "users"."id" = $3[0m  [["session_token", "GgZ7W-PW6RZRttrUYrklwg"], ["updated_at", "2020-01-07 23:14:01.867086"], ["id", 8]]
  ↳ app/models/user.rb:29
  [1m[35m (3.2ms)[0m  [1m[35mCOMMIT[0m
  ↳ app/models/user.rb:29
  Rendering api/users/show.json.jbuilder
  Rendered api/users/show.json.jbuilder (0.4ms)
Completed 200 OK in 251ms (Views: 5.5ms | ActiveRecord: 5.1ms)


Started GET "/" for ::1 at 2020-01-07 15:18:33 -0800
Processing by StaticPagesController#root as HTML
  Rendering static_pages/root.html.erb within layouts/application
  Rendered static_pages/root.html.erb within layouts/application (0.4ms)
Completed 200 OK in 33ms (Views: 30.2ms | ActiveRecord: 0.0ms)


Started POST "/api/session" for ::1 at 2020-01-07 15:18:46 -0800
Processing by Api::SessionsController#create as JSON
  Parameters: {"user"=>{"username"=>"user1", "password"=>"[FILTERED]"}}
  [1m[36mUser Load (1.2ms)[0m  [1m[34mSELECT  "users".* FROM "users" WHERE "users"."username" = $1 LIMIT $2[0m  [["username", "user1"], ["LIMIT", 1]]
  ↳ app/models/user.rb:18
  [1m[35m (0.2ms)[0m  [1m[35mBEGIN[0m
  ↳ app/models/user.rb:29
  [1m[36mUser Update (0.5ms)[0m  [1m[33mUPDATE "users" SET "session_token" = $1, "updated_at" = $2 WHERE "users"."id" = $3[0m  [["session_token", "R8l4kref2md5ZOUOt-aXEA"], ["updated_at", "2020-01-07 23:18:46.434278"], ["id", 8]]
  ↳ app/models/user.rb:29
  [1m[35m (1.9ms)[0m  [1m[35mCOMMIT[0m
  ↳ app/models/user.rb:29
  Rendering api/users/show.json.jbuilder
  Rendered api/users/show.json.jbuilder (0.4ms)
Completed 200 OK in 245ms (Views: 4.8ms | ActiveRecord: 3.8ms)


Started GET "/" for ::1 at 2020-01-07 15:21:25 -0800
Processing by StaticPagesController#root as HTML
  Rendering static_pages/root.html.erb within layouts/application
  Rendered static_pages/root.html.erb within layouts/application (0.8ms)
Completed 200 OK in 36ms (Views: 34.1ms | ActiveRecord: 0.0ms)


Started POST "/api/session" for ::1 at 2020-01-07 15:21:32 -0800
Processing by Api::SessionsController#create as JSON
  Parameters: {"user"=>{"username"=>"user1", "password"=>"[FILTERED]"}}
  [1m[36mUser Load (0.7ms)[0m  [1m[34mSELECT  "users".* FROM "users" WHERE "users"."username" = $1 LIMIT $2[0m  [["username", "user1"], ["LIMIT", 1]]
  ↳ app/models/user.rb:18
  [1m[35m (0.2ms)[0m  [1m[35mBEGIN[0m
  ↳ app/models/user.rb:29
  [1m[36mUser Update (0.5ms)[0m  [1m[33mUPDATE "users" SET "session_token" = $1, "updated_at" = $2 WHERE "users"."id" = $3[0m  [["session_token", "awpNZ3Y4eHAd704t2-4Qdg"], ["updated_at", "2020-01-07 23:21:32.658129"], ["id", 8]]
  ↳ app/models/user.rb:29
  [1m[35m (1.9ms)[0m  [1m[35mCOMMIT[0m
  ↳ app/models/user.rb:29
  Rendering api/users/show.json.jbuilder
  Rendered api/users/show.json.jbuilder (0.4ms)
Completed 200 OK in 247ms (Views: 4.9ms | ActiveRecord: 3.3ms)


Started GET "/" for ::1 at 2020-01-07 15:23:45 -0800
Processing by StaticPagesController#root as HTML
  Rendering static_pages/root.html.erb within layouts/application
  Rendered static_pages/root.html.erb within layouts/application (0.3ms)
Completed 200 OK in 779ms (Views: 776.8ms | ActiveRecord: 0.0ms)


Started POST "/api/session" for ::1 at 2020-01-07 15:23:51 -0800
Processing by Api::SessionsController#create as JSON
  Parameters: {"user"=>{"username"=>"user1", "password"=>"[FILTERED]"}}
  [1m[36mUser Load (1.3ms)[0m  [1m[34mSELECT  "users".* FROM "users" WHERE "users"."username" = $1 LIMIT $2[0m  [["username", "user1"], ["LIMIT", 1]]
  ↳ app/models/user.rb:18
  [1m[35m (0.1ms)[0m  [1m[35mBEGIN[0m
  ↳ app/models/user.rb:29
  [1m[36mUser Update (0.4ms)[0m  [1m[33mUPDATE "users" SET "session_token" = $1, "updated_at" = $2 WHERE "users"."id" = $3[0m  [["session_token", "yCqamdFvUyW2FTL-MWZj0w"], ["updated_at", "2020-01-07 23:23:51.666000"], ["id", 8]]
  ↳ app/models/user.rb:29
  [1m[35m (1.6ms)[0m  [1m[35mCOMMIT[0m
  ↳ app/models/user.rb:29
  Rendering api/users/show.json.jbuilder
  Rendered api/users/show.json.jbuilder (0.4ms)
Completed 200 OK in 235ms (Views: 4.6ms | ActiveRecord: 3.4ms)


Started DELETE "/api/session" for ::1 at 2020-01-07 15:23:58 -0800
Processing by Api::SessionsController#destroy as JSON
  [1m[36mUser Load (0.3ms)[0m  [1m[34mSELECT  "users".* FROM "users" WHERE "users"."session_token" = $1 LIMIT $2[0m  [["session_token", "yCqamdFvUyW2FTL-MWZj0w"], ["LIMIT", 1]]
  ↳ app/controllers/application_controller.rb:9
  [1m[35m (0.1ms)[0m  [1m[35mBEGIN[0m
  ↳ app/models/user.rb:29
  [1m[36mUser Update (1.1ms)[0m  [1m[33mUPDATE "users" SET "session_token" = $1, "updated_at" = $2 WHERE "users"."id" = $3[0m  [["session_token", "n85s-YRbGpE21pl5YJGHRA"], ["updated_at", "2020-01-07 23:23:58.081259"], ["id", 8]]
  ↳ app/models/user.rb:29
  [1m[35m (0.6ms)[0m  [1m[35mCOMMIT[0m
  ↳ app/models/user.rb:29
  Rendering api/users/show.json.jbuilder
  Rendered api/users/show.json.jbuilder (0.3ms)
Completed 200 OK in 15ms (Views: 6.7ms | ActiveRecord: 2.2ms)


  [1m[35m (0.2ms)[0m  [1m[34mSELECT pg_try_advisory_lock(2805315297714828675)[0m
  ↳ bin/rails:9
  [1m[35m (2.4ms)[0m  [1m[34mSELECT "schema_migrations"."version" FROM "schema_migrations" ORDER BY "schema_migrations"."version" ASC[0m
  ↳ bin/rails:9
Migrating to AddEmailToUsers (20200108000715)
  [1m[35m (0.3ms)[0m  [1m[35mBEGIN[0m
  ↳ bin/rails:9
  [1m[35m (0.2ms)[0m  [1m[31mROLLBACK[0m
  ↳ bin/rails:9
  [1m[35m (0.3ms)[0m  [1m[34mSELECT pg_advisory_unlock(2805315297714828675)[0m
  ↳ bin/rails:9
  [1m[35m (0.2ms)[0m  [1m[34mSELECT pg_try_advisory_lock(2805315297714828675)[0m
  ↳ bin/rails:9
  [1m[35m (0.8ms)[0m  [1m[34mSELECT "schema_migrations"."version" FROM "schema_migrations" ORDER BY "schema_migrations"."version" ASC[0m
  ↳ bin/rails:9
Migrating to AddEmailToUsers (20200108000715)
  [1m[35m (0.1ms)[0m  [1m[35mBEGIN[0m
  ↳ bin/rails:9
  [1m[35m (8.1ms)[0m  [1m[35mALTER TABLE "users" ADD "email" character varying NOT NULL[0m
  ↳ db/migrate/20200108000715_add_email_to_users.rb:3
  [1m[35m (0.1ms)[0m  [1m[31mROLLBACK[0m
  ↳ bin/rails:9
  [1m[35m (0.4ms)[0m  [1m[34mSELECT pg_advisory_unlock(2805315297714828675)[0m
  ↳ bin/rails:9
  [1m[35m (0.2ms)[0m  [1m[34mSELECT pg_try_advisory_lock(2805315297714828675)[0m
  ↳ bin/rails:9
  [1m[35m (0.8ms)[0m  [1m[34mSELECT "schema_migrations"."version" FROM "schema_migrations" ORDER BY "schema_migrations"."version" ASC[0m
  ↳ bin/rails:9
Migrating to AddEmailToUsers (20200108000715)
  [1m[35m (0.1ms)[0m  [1m[35mBEGIN[0m
  ↳ bin/rails:9
  [1m[35m (2.0ms)[0m  [1m[35mALTER TABLE "users" ADD "email" character varying NOT NULL[0m
  ↳ db/migrate/20200108000715_add_email_to_users.rb:3
  [1m[35m (0.2ms)[0m  [1m[31mROLLBACK[0m
  ↳ bin/rails:9
  [1m[35m (0.3ms)[0m  [1m[34mSELECT pg_advisory_unlock(2805315297714828675)[0m
  ↳ bin/rails:9
